Determining if the pthread_create exist failed with the following output:
Change Dir: /home/pi/Documents/CV/2017-1/cv-2017/src/build/CMakeFiles/CMakeTmp

Run Build Command:"/usr/bin/make" "cmTC_08ac1/fast"
/usr/bin/make -f CMakeFiles/cmTC_08ac1.dir/build.make CMakeFiles/cmTC_08ac1.dir/build
make[1]: Entering directory '/home/pi/Documents/CV/2017-1/cv-2017/src/build/CMakeFiles/CMakeTmp'
Building C object CMakeFiles/cmTC_08ac1.dir/CheckSymbolExists.c.o
/usr/bin/cc     -o CMakeFiles/cmTC_08ac1.dir/CheckSymbolExists.c.o   -c /home/pi/Documents/CV/2017-1/cv-2017/src/build/CMakeFiles/CMakeTmp/CheckSymbolExists.c
Linking C executable cmTC_08ac1
/usr/bin/cmake -E cmake_link_script CMakeFiles/cmTC_08ac1.dir/link.txt --verbose=1
/usr/bin/cc       CMakeFiles/cmTC_08ac1.dir/CheckSymbolExists.c.o  -o cmTC_08ac1 -rdynamic 
CMakeFiles/cmTC_08ac1.dir/CheckSymbolExists.c.o: In function `main':
CheckSymbolExists.c:(.text+0x38): undefined reference to `pthread_create'
collect2: error: ld returned 1 exit status
CMakeFiles/cmTC_08ac1.dir/build.make:97: recipe for target 'cmTC_08ac1' failed
make[1]: *** [cmTC_08ac1] Error 1
make[1]: Leaving directory '/home/pi/Documents/CV/2017-1/cv-2017/src/build/CMakeFiles/CMakeTmp'
Makefile:126: recipe for target 'cmTC_08ac1/fast' failed
make: *** [cmTC_08ac1/fast] Error 2

File /home/pi/Documents/CV/2017-1/cv-2017/src/build/CMakeFiles/CMakeTmp/CheckSymbolExists.c:
/* */
#include <pthread.h>

int main(int argc, char** argv)
{
  (void)argv;
#ifndef pthread_create
  return ((int*)(&pthread_create))[argc];
#else
  (void)argc;
  return 0;
#endif
}

Determining if the function pthread_create exists in the pthreads failed with the following output:
Change Dir: /home/pi/Documents/CV/2017-1/cv-2017/src/build/CMakeFiles/CMakeTmp

Run Build Command:"/usr/bin/make" "cmTC_007ce/fast"
/usr/bin/make -f CMakeFiles/cmTC_007ce.dir/build.make CMakeFiles/cmTC_007ce.dir/build
make[1]: Entering directory '/home/pi/Documents/CV/2017-1/cv-2017/src/build/CMakeFiles/CMakeTmp'
Building C object CMakeFiles/cmTC_007ce.dir/CheckFunctionExists.c.o
/usr/bin/cc    -DCHECK_FUNCTION_EXISTS=pthread_create   -o CMakeFiles/cmTC_007ce.dir/CheckFunctionExists.c.o   -c /usr/share/cmake-3.6/Modules/CheckFunctionExists.c
Linking C executable cmTC_007ce
/usr/bin/cmake -E cmake_link_script CMakeFiles/cmTC_007ce.dir/link.txt --verbose=1
/usr/bin/cc   -DCHECK_FUNCTION_EXISTS=pthread_create    CMakeFiles/cmTC_007ce.dir/CheckFunctionExists.c.o  -o cmTC_007ce -rdynamic -lpthreads 
/usr/bin/ld: cannot find -lpthreads
collect2: error: ld returned 1 exit status
CMakeFiles/cmTC_007ce.dir/build.make:97: recipe for target 'cmTC_007ce' failed
make[1]: *** [cmTC_007ce] Error 1
make[1]: Leaving directory '/home/pi/Documents/CV/2017-1/cv-2017/src/build/CMakeFiles/CMakeTmp'
Makefile:126: recipe for target 'cmTC_007ce/fast' failed
make: *** [cmTC_007ce/fast] Error 2


